C2H5OH/build/intermediates/manifest_merge_blame_file/debug/manifest-merger-blame-debug-report.txt
1<?xml version="1.0" encoding="utf-8"?>
2<manifest xmlns:android="http://schemas.android.com/apk/res/android"
3    package="ru.t022.c2h5oh"
4    android:versionCode="2"
5    android:versionName="2.2" >
6
7    <uses-sdk
8        android:minSdkVersion="22"
8-->src/main/AndroidManifest.xml
9        android:targetSdkVersion="32" />
9-->src/main/AndroidManifest.xml
10
11    <application
11-->src/main/AndroidManifest.xml:6:5-23:19
12        android:allowBackup="true"
12-->src/main/AndroidManifest.xml:7:9-35
13        android:debuggable="true"
14        android:icon="@mipmap/ic_launcher"
14-->src/main/AndroidManifest.xml:8:9-43
15        android:label="@string/app_name"
15-->src/main/AndroidManifest.xml:9:9-41
16        android:testOnly="true"
17        android:theme="@android:style/Theme.Black.NoTitleBar" >
17-->src/main/AndroidManifest.xml:10:9-62
18        <activity
18-->src/main/AndroidManifest.xml:11:9-21:20
19            android:name="ru.t022.c2h5oh.MainActivity"
19-->src/main/AndroidManifest.xml:12:13-41
20            android:configChanges="orientation|keyboardHidden|screenSize"
20-->src/main/AndroidManifest.xml:13:13-74
21            android:exported="true"
21-->src/main/AndroidManifest.xml:15:13-36
22            android:screenOrientation="locked" >
22-->src/main/AndroidManifest.xml:14:13-47
23            <intent-filter>
23-->src/main/AndroidManifest.xml:16:13-20:29
24                <action android:name="android.intent.action.MAIN" />
24-->src/main/AndroidManifest.xml:17:17-69
24-->src/main/AndroidManifest.xml:17:25-66
25
26                <category android:name="android.intent.category.LAUNCHER" />
26-->src/main/AndroidManifest.xml:19:17-77
26-->src/main/AndroidManifest.xml:19:27-74
27            </intent-filter>
28        </activity>
29        <activity android:name="ru.t022.c2h5oh.PrefActivity" />
29-->src/main/AndroidManifest.xml:22:9-58
29-->src/main/AndroidManifest.xml:22:19-46
30    </application>
31
32</manifest>